[1111/222452.728:ERROR:directory_reader_win.cc(43)] FindFirstFile: Системе не удается найти указанный путь. (0x3)
[1216/214248.103:ERROR:directory_reader_win.cc(43)] FindFirstFile: Системе не удается найти указанный путь. (0x3)
[1224/100123.883:ERROR:directory_reader_win.cc(43)] FindFirstFile: Системе не удается найти указанный путь. (0x3)
[1224/135055.472:ERROR:process_reader_win.cc(188)] ResumeThread: Параметр задан неверно. (0x57)
[1224/135055.492:ERROR:process_reader_win.cc(151)] SuspendThread: Отказано в доступе. (0x5)
[1224/135055.492:ERROR:process_reader_win.cc(151)] SuspendThread: Отказано в доступе. (0x5)
[1224/135055.492:ERROR:process_reader_win.cc(151)] SuspendThread: Отказано в доступе. (0x5)
[1224/135055.492:ERROR:process_reader_win.cc(151)] SuspendThread: Отказано в доступе. (0x5)
[1224/135055.492:ERROR:process_reader_win.cc(151)] SuspendThread: Отказано в доступе. (0x5)
[1224/135055.492:ERROR:process_reader_win.cc(151)] SuspendThread: Отказано в доступе. (0x5)
[1224/135055.492:ERROR:process_reader_win.cc(151)] SuspendThread: Отказано в доступе. (0x5)
[1224/135055.492:ERROR:process_reader_win.cc(151)] SuspendThread: Отказано в доступе. (0x5)
[1224/135055.681:ERROR:process_memory_win.cc(73)] ReadMemory at 0x1d185830000 of 64 bytes failed: Запрос ReadProcessMemory или WriteProcessMemory был выполнен только частично. (0x12B)
[1224/135055.689:WARNING:pe_image_reader.cc(340)] could not read dos header from C:\WINDOWS\System32\sechost.dll
[1224/135055.689:ERROR:process_memory_win.cc(73)] ReadMemory at 0x7ff950510000 of 64 bytes failed: Запрос ReadProcessMemory или WriteProcessMemory был выполнен только частично. (0x12B)
[1224/135055.689:WARNING:pe_image_reader.cc(340)] could not read dos header from C:\WINDOWS\System32\RPCRT4.dll
[1224/135055.689:ERROR:process_memory_win.cc(73)] ReadMemory at 0x7ff914340000 of 64 bytes failed: Запрос ReadProcessMemory или WriteProcessMemory был выполнен только частично. (0x12B)
[1224/135055.689:WARNING:pe_image_reader.cc(340)] could not read dos header from C:\Program Files (x86)\Google\Chrome\Application\87.0.4280.88\chrome.dll
[1224/135055.697:ERROR:process_memory_win.cc(73)] ReadMemory at 0x7ff950b90000 of 64 bytes failed: Запрос ReadProcessMemory или WriteProcessMemory был выполнен только частично. (0x12B)
[1224/135055.697:WARNING:pe_image_reader.cc(340)] could not read dos header from C:\WINDOWS\System32\WS2_32.dll
[1224/135055.697:ERROR:process_memory_win.cc(73)] ReadMemory at 0x7ff951a10000 of 64 bytes failed: Запрос ReadProcessMemory или WriteProcessMemory был выполнен только частично. (0x12B)
[1224/135055.697:WARNING:pe_image_reader.cc(340)] could not read dos header from C:\WINDOWS\System32\OLEAUT32.dll
[1224/135055.697:ERROR:process_memory_win.cc(73)] ReadMemory at 0x7ff94fc10000 of 64 bytes failed: Запрос ReadProcessMemory или WriteProcessMemory был выполнен только частично. (0x12B)
[1224/135055.697:WARNING:pe_image_reader.cc(340)] could not read dos header from C:\WINDOWS\System32\msvcp_win.dll
[1224/135055.697:ERROR:process_memory_win.cc(73)] ReadMemory at 0x7ff94f9b0000 of 64 bytes failed: Запрос ReadProcessMemory или WriteProcessMemory был выполнен только частично. (0x12B)
[1224/135055.697:WARNING:pe_image_reader.cc(340)] could not read dos header from C:\WINDOWS\System32\ucrtbase.dll
[1224/135055.697:ERROR:process_memory_win.cc(73)] ReadMemory at 0x7ff950c00000 of 64 bytes failed: Запрос ReadProcessMemory или WriteProcessMemory был выполнен только частично. (0x12B)
[1224/135055.697:WARNING:pe_image_reader.cc(340)] could not read dos header from C:\WINDOWS\System32\combase.dll
[1224/135055.697:ERROR:process_memory_win.cc(73)] ReadMemory at 0x7ff94fce0000 of 64 bytes failed: Запрос ReadProcessMemory или WriteProcessMemory был выполнен только частично. (0x12B)
[1224/135055.697:WARNING:pe_image_reader.cc(340)] could not read dos header from C:\WINDOWS\System32\WINTRUST.dll
[1224/135055.697:ERROR:process_memory_win.cc(73)] ReadMemory at 0x7ff950170000 of 64 bytes failed: Запрос ReadProcessMemory или WriteProcessMemory был выполнен только частично. (0x12B)
[1224/135055.697:WARNING:pe_image_reader.cc(340)] could not read dos header from C:\WINDOWS\System32\CRYPT32.dll
[1224/135055.697:ERROR:process_memory_win.cc(73)] ReadMemory at 0x7ff94f440000 of 64 bytes failed: Запрос ReadProcessMemory или WriteProcessMemory был выполнен только частично. (0x12B)
[1224/135055.699:WARNING:pe_image_reader.cc(340)] could not read dos header from C:\WINDOWS\SYSTEM32\dbghelp.dll
[1224/135055.699:ERROR:process_memory_win.cc(73)] ReadMemory at 0x7ff94e760000 of 64 bytes failed: Запрос ReadProcessMemory или WriteProcessMemory был выполнен только частично. (0x12B)
[1224/135055.699:WARNING:pe_image_reader.cc(340)] could not read dos header from C:\WINDOWS\SYSTEM32\IPHLPAPI.DLL
[1224/135055.699:ERROR:process_memory_win.cc(73)] ReadMemory at 0x7ff943180000 of 64 bytes failed: Запрос ReadProcessMemory или WriteProcessMemory был выполнен только частично. (0x12B)
[1224/135055.699:WARNING:pe_image_reader.cc(340)] could not read dos header from C:\WINDOWS\SYSTEM32\WINMM.dll
[1224/135055.699:ERROR:process_memory_win.cc(73)] ReadMemory at 0x7ff92a530000 of 64 bytes failed: Запрос ReadProcessMemory или WriteProcessMemory был выполнен только частично. (0x12B)
[1224/135055.699:WARNING:pe_image_reader.cc(340)] could not read dos header from C:\WINDOWS\SYSTEM32\UIAutomationCore.DLL
[1224/135055.699:ERROR:process_memory_win.cc(73)] ReadMemory at 0x7ff93b380000 of 64 bytes failed: Запрос ReadProcessMemory или WriteProcessMemory был выполнен только частично. (0x12B)
[1224/135055.699:WARNING:pe_image_reader.cc(340)] could not read dos header from C:\WINDOWS\SYSTEM32\Secur32.dll
[1224/135055.699:ERROR:process_memory_win.cc(73)] ReadMemory at 0x7ff94f860000 of 64 bytes failed: Запрос ReadProcessMemory или WriteProcessMemory был выполнен только частично. (0x12B)
[1224/135055.699:WARNING:pe_image_reader.cc(340)] could not read dos header from C:\WINDOWS\SYSTEM32\USERENV.dll
[1224/135055.699:ERROR:process_memory_win.cc(73)] ReadMemory at 0x7ff936930000 of 64 bytes failed: Запрос ReadProcessMemory или WriteProcessMemory был выполнен только частично. (0x12B)
[1224/135055.699:WARNING:pe_image_reader.cc(340)] could not read dos header from C:\WINDOWS\SYSTEM32\DWrite.dll
[1224/135055.699:ERROR:process_memory_win.cc(73)] ReadMemory at 0x7ff948b40000 of 64 bytes failed: Запрос ReadProcessMemory или WriteProcessMemory был выполнен только частично. (0x12B)
[1224/135055.699:WARNING:pe_image_reader.cc(340)] could not read dos header from C:\WINDOWS\SYSTEM32\WINSPOOL.DRV
[1224/135055.699:ERROR:process_memory_win.cc(73)] ReadMemory at 0x7ff942c10000 of 64 bytes failed: Запрос ReadProcessMemory или WriteProcessMemory был выполнен только частично. (0x12B)
[1224/135055.699:WARNING:pe_image_reader.cc(340)] could not read dos header from C:\WINDOWS\SYSTEM32\WINHTTP.dll
[1224/135055.699:ERROR:process_memory_win.cc(73)] ReadMemory at 0x7ff944490000 of 64 bytes failed: Запрос ReadProcessMemory или WriteProcessMemory был выполнен только частично. (0x12B)
[1224/135055.703:WARNING:pe_image_reader.cc(340)] could not read dos header from C:\WINDOWS\SYSTEM32\dhcpcsvc.DLL
[1224/135055.703:ERROR:process_memory_win.cc(73)] ReadMemory at 0x7ff94a740000 of 64 bytes failed: Запрос ReadProcessMemory или WriteProcessMemory был выполнен только частично. (0x12B)
[1224/135055.703:WARNING:pe_image_reader.cc(340)] could not read dos header from C:\WINDOWS\SYSTEM32\PROPSYS.dll
[1224/135055.703:ERROR:process_memory_win.cc(73)] ReadMemory at 0x7ff94f890000 of 64 bytes failed: Запрос ReadProcessMemory или WriteProcessMemory был выполнен только частично. (0x12B)
[1224/135055.703:WARNING:pe_image_reader.cc(340)] could not read dos header from C:\WINDOWS\SYSTEM32\SSPICLI.DLL
[1224/135055.703:ERROR:process_memory_win.cc(73)] ReadMemory at 0x7ff94f280000 of 64 bytes failed: Запрос ReadProcessMemory или WriteProcessMemory был выполнен только частично. (0x12B)
[1224/135055.703:WARNING:pe_image_reader.cc(340)] could not read dos header from C:\WINDOWS\System32\MSASN1.dll
[1224/135055.703:ERROR:process_memory_win.cc(73)] ReadMemory at 0x7ff94fd40000 of 64 bytes failed: Запрос ReadProcessMemory или WriteProcessMemory был выполнен только частично. (0x12B)
[1224/135055.703:WARNING:pe_image_reader.cc(340)] could not read dos header from C:\WINDOWS\System32\bcryptPrimitives.dll
[1224/135055.703:ERROR:process_memory_win.cc(73)] ReadMemory at 0x7ff94eee0000 of 64 bytes failed: Запрос ReadProcessMemory или WriteProcessMemory был выполнен только частично. (0x12B)
[1224/135055.703:WARNING:pe_image_reader.cc(340)] could not read dos header from C:\WINDOWS\SYSTEM32\CRYPTBASE.DLL
[1224/135055.703:ERROR:process_memory_win.cc(73)] ReadMemory at 0x7ff68e870000 of 64 bytes failed: Запрос ReadProcessMemory или WriteProcessMemory был выполнен только частично. (0x12B)
[1224/135055.703:WARNING:pe_image_reader.cc(340)] could not read dos header from C:\Program Files (x86)\Google\Chrome\Application\chrome.exe
[1224/135055.703:ERROR:process_memory_win.cc(73)] ReadMemory at 0x7ff68e870000 of 64 bytes failed: Запрос ReadProcessMemory или WriteProcessMemory был выполнен только частично. (0x12B)
[1224/135055.703:WARNING:pe_image_reader.cc(340)] could not read dos header from C:\Program Files (x86)\Google\Chrome\Application\chrome.exe
[1224/135055.703:ERROR:process_memory_win.cc(73)] ReadMemory at 0x7ff952270000 of 64 bytes failed: Запрос ReadProcessMemory или WriteProcessMemory был выполнен только частично. (0x12B)
[1224/135055.703:WARNING:pe_image_reader.cc(340)] could not read dos header from C:\WINDOWS\SYSTEM32\ntdll.dll
[1224/135055.703:ERROR:process_memory_win.cc(73)] ReadMemory at 0x7ff952270000 of 64 bytes failed: Запрос ReadProcessMemory или WriteProcessMemory был выполнен только частично. (0x12B)
[1224/135055.703:WARNING:pe_image_reader.cc(340)] could not read dos header from C:\WINDOWS\SYSTEM32\ntdll.dll
[1224/135055.703:ERROR:process_memory_win.cc(73)] ReadMemory at 0x7ff950f60000 of 64 bytes failed: Запрос ReadProcessMemory или WriteProcessMemory был выполнен только частично. (0x12B)
[1224/135055.703:WARNING:pe_image_reader.cc(340)] could not read dos header from C:\WINDOWS\System32\KERNEL32.DLL
[1224/135055.703:ERROR:process_memory_win.cc(73)] ReadMemory at 0x7ff950f60000 of 64 bytes failed: Запрос ReadProcessMemory или WriteProcessMemory был выполнен только частично. (0x12B)
[1224/135055.703:WARNING:pe_image_reader.cc(340)] could not read dos header from C:\WINDOWS\System32\KERNEL32.DLL
[1224/135055.703:ERROR:process_memory_win.cc(73)] ReadMemory at 0x7ff94fdc0000 of 64 bytes failed: Запрос ReadProcessMemory или WriteProcessMemory был выполнен только частично. (0x12B)
[1224/135055.703:WARNING:pe_image_reader.cc(340)] could not read dos header from C:\WINDOWS\System32\KERNELBASE.dll
[1224/135055.703:ERROR:process_memory_win.cc(73)] ReadMemory at 0x7ff94fdc0000 of 64 bytes failed: Запрос ReadProcessMemory или WriteProcessMemory был выполнен только частично. (0x12B)
[1224/135055.703:WARNING:pe_image_reader.cc(340)] could not read dos header from C:\WINDOWS\System32\KERNELBASE.dll
[1224/135055.703:ERROR:process_memory_win.cc(73)] ReadMemory at 0x7ff9291a0000 of 64 bytes failed: Запрос ReadProcessMemory или WriteProcessMemory был выполнен только частично. (0x12B)
[1224/135055.703:WARNING:pe_image_reader.cc(340)] could not read dos header from C:\Program Files (x86)\Google\Chrome\Application\87.0.4280.88\chrome_elf.dll
[1224/135055.703:ERROR:process_memory_win.cc(73)] ReadMemory at 0x7ff9291a0000 of 64 bytes failed: Запрос ReadProcessMemory или WriteProcessMemory был выполнен только частично. (0x12B)
[1224/135055.703:WARNING:pe_image_reader.cc(340)] could not read dos header from C:\Program Files (x86)\Google\Chrome\Application\87.0.4280.88\chrome_elf.dll
[1224/135055.703:ERROR:process_memory_win.cc(73)] ReadMemory at 0x7ff93e4b0000 of 64 bytes failed: Запрос ReadProcessMemory или WriteProcessMemory был выполнен только частично. (0x12B)
[1224/135055.703:WARNING:pe_image_reader.cc(340)] could not read dos header from C:\WINDOWS\SYSTEM32\VERSION.dll
[1224/135055.703:ERROR:process_memory_win.cc(73)] ReadMemory at 0x7ff93e4b0000 of 64 bytes failed: Запрос ReadProcessMemory или WriteProcessMemory был выполнен только частично. (0x12B)
[1224/135055.703:WARNING:pe_image_reader.cc(340)] could not read dos header from C:\WINDOWS\SYSTEM32\VERSION.dll
[1224/135055.703:ERROR:process_memory_win.cc(73)] ReadMemory at 0x7ff951690000 of 64 bytes failed: Запрос ReadProcessMemory или WriteProcessMemory был выполнен только частично. (0x12B)
[1224/135055.703:WARNING:pe_image_reader.cc(340)] could not read dos header from C:\WINDOWS\System32\msvcrt.dll
[1224/135055.703:ERROR:process_memory_win.cc(73)] ReadMemory at 0x7ff951690000 of 64 bytes failed: Запрос ReadProcessMemory или WriteProcessMemory был выполнен только частично. (0x12B)
[1224/135055.707:WARNING:pe_image_reader.cc(340)] could not read dos header from C:\WINDOWS\System32\msvcrt.dll
[1224/135055.707:ERROR:process_memory_win.cc(73)] ReadMemory at 0x7ff951530000 of 64 bytes failed: Запрос ReadProcessMemory или WriteProcessMemory был выполнен только частично. (0x12B)
[1224/135055.707:WARNING:pe_image_reader.cc(340)] could not read dos header from C:\WINDOWS\System32\ADVAPI32.dll
[1224/135055.707:ERROR:process_memory_win.cc(73)] ReadMemory at 0x7ff951530000 of 64 bytes failed: Запрос ReadProcessMemory или WriteProcessMemory был выполнен только частично. (0x12B)
[1224/135055.707:WARNING:pe_image_reader.cc(340)] could not read dos header from C:\WINDOWS\System32\ADVAPI32.dll
[1224/135055.707:ERROR:process_memory_win.cc(73)] ReadMemory at 0x1d185830000 of 64 bytes failed: Запрос ReadProcessMemory или WriteProcessMemory был выполнен только частично. (0x12B)
[1224/135055.707:WARNING:pe_image_reader.cc(340)] could not read dos header from C:\WINDOWS\System32\sechost.dll
[1224/135055.707:ERROR:process_memory_win.cc(73)] ReadMemory at 0x1d185830000 of 64 bytes failed: Запрос ReadProcessMemory или WriteProcessMemory был выполнен только частично. (0x12B)
[1224/135055.707:WARNING:pe_image_reader.cc(340)] could not read dos header from C:\WINDOWS\System32\sechost.dll
[1224/135055.707:ERROR:process_memory_win.cc(73)] ReadMemory at 0x7ff950510000 of 64 bytes failed: Запрос ReadProcessMemory или WriteProcessMemory был выполнен только частично. (0x12B)
[1224/135055.707:WARNING:pe_image_reader.cc(340)] could not read dos header from C:\WINDOWS\System32\RPCRT4.dll
[1224/135055.707:ERROR:process_memory_win.cc(73)] ReadMemory at 0x7ff950510000 of 64 bytes failed: Запрос ReadProcessMemory или WriteProcessMemory был выполнен только частично. (0x12B)
[1224/135055.707:WARNING:pe_image_reader.cc(340)] could not read dos header from C:\WINDOWS\System32\RPCRT4.dll
[1224/135055.707:ERROR:process_memory_win.cc(73)] ReadMemory at 0x7ff914340000 of 64 bytes failed: Запрос ReadProcessMemory или WriteProcessMemory был выполнен только частично. (0x12B)
[1224/135055.707:WARNING:pe_image_reader.cc(340)] could not read dos header from C:\Program Files (x86)\Google\Chrome\Application\87.0.4280.88\chrome.dll
[1224/135055.707:ERROR:process_memory_win.cc(73)] ReadMemory at 0x7ff914340000 of 64 bytes failed: Запрос ReadProcessMemory или WriteProcessMemory был выполнен только частично. (0x12B)
[1224/135055.709:WARNING:pe_image_reader.cc(340)] could not read dos header from C:\Program Files (x86)\Google\Chrome\Application\87.0.4280.88\chrome.dll
[1224/135055.709:ERROR:process_memory_win.cc(73)] ReadMemory at 0x7ff950b90000 of 64 bytes failed: Запрос ReadProcessMemory или WriteProcessMemory был выполнен только частично. (0x12B)
[1224/135055.709:WARNING:pe_image_reader.cc(340)] could not read dos header from C:\WINDOWS\System32\WS2_32.dll
[1224/135055.709:ERROR:process_memory_win.cc(73)] ReadMemory at 0x7ff950b90000 of 64 bytes failed: Запрос ReadProcessMemory или WriteProcessMemory был выполнен только частично. (0x12B)
[1224/135055.709:WARNING:pe_image_reader.cc(340)] could not read dos header from C:\WINDOWS\System32\WS2_32.dll
[1224/135055.709:ERROR:process_memory_win.cc(73)] ReadMemory at 0x7ff951a10000 of 64 bytes failed: Запрос ReadProcessMemory или WriteProcessMemory был выполнен только частично. (0x12B)
[1224/135055.709:WARNING:pe_image_reader.cc(340)] could not read dos header from C:\WINDOWS\System32\OLEAUT32.dll
[1224/135055.709:ERROR:process_memory_win.cc(73)] ReadMemory at 0x7ff951a10000 of 64 bytes failed: Запрос ReadProcessMemory или WriteProcessMemory был выполнен только частично. (0x12B)
[1224/135055.709:WARNING:pe_image_reader.cc(340)] could not read dos header from C:\WINDOWS\System32\OLEAUT32.dll
[1224/135055.713:ERROR:process_memory_win.cc(73)] ReadMemory at 0x7ff94fc10000 of 64 bytes failed: Запрос ReadProcessMemory или WriteProcessMemory был выполнен только частично. (0x12B)
[1224/135055.713:WARNING:pe_image_reader.cc(340)] could not read dos header from C:\WINDOWS\System32\msvcp_win.dll
[1224/135055.713:ERROR:process_memory_win.cc(73)] ReadMemory at 0x7ff94fc10000 of 64 bytes failed: Запрос ReadProcessMemory или WriteProcessMemory был выполнен только частично. (0x12B)
[1224/135055.713:WARNING:pe_image_reader.cc(340)] could not read dos header from C:\WINDOWS\System32\msvcp_win.dll
[1224/135055.713:ERROR:process_memory_win.cc(73)] ReadMemory at 0x7ff94f9b0000 of 64 bytes failed: Запрос ReadProcessMemory или WriteProcessMemory был выполнен только частично. (0x12B)
[1224/135055.713:WARNING:pe_image_reader.cc(340)] could not read dos header from C:\WINDOWS\System32\ucrtbase.dll
[1224/135055.713:ERROR:process_memory_win.cc(73)] ReadMemory at 0x7ff94f9b0000 of 64 bytes failed: Запрос ReadProcessMemory или WriteProcessMemory был выполнен только частично. (0x12B)
[1224/135055.713:WARNING:pe_image_reader.cc(340)] could not read dos header from C:\WINDOWS\System32\ucrtbase.dll
[1224/135055.713:ERROR:process_memory_win.cc(73)] ReadMemory at 0x7ff950c00000 of 64 bytes failed: Запрос ReadProcessMemory или WriteProcessMemory был выполнен только частично. (0x12B)
[1224/135055.713:WARNING:pe_image_reader.cc(340)] could not read dos header from C:\WINDOWS\System32\combase.dll
[1224/135055.713:ERROR:process_memory_win.cc(73)] ReadMemory at 0x7ff950c00000 of 64 bytes failed: Запрос ReadProcessMemory или WriteProcessMemory был выполнен только частично. (0x12B)
[1224/135055.713:WARNING:pe_image_reader.cc(340)] could not read dos header from C:\WINDOWS\System32\combase.dll
[1224/135055.713:ERROR:process_memory_win.cc(73)] ReadMemory at 0x7ff94fce0000 of 64 bytes failed: Запрос ReadProcessMemory или WriteProcessMemory был выполнен только частично. (0x12B)
[1224/135055.713:WARNING:pe_image_reader.cc(340)] could not read dos header from C:\WINDOWS\System32\WINTRUST.dll
[1224/135055.713:ERROR:process_memory_win.cc(73)] ReadMemory at 0x7ff94fce0000 of 64 bytes failed: Запрос ReadProcessMemory или WriteProcessMemory был выполнен только частично. (0x12B)
[1224/135055.713:WARNING:pe_image_reader.cc(340)] could not read dos header from C:\WINDOWS\System32\WINTRUST.dll
[1224/135055.713:ERROR:process_memory_win.cc(73)] ReadMemory at 0x7ff950170000 of 64 bytes failed: Запрос ReadProcessMemory или WriteProcessMemory был выполнен только частично. (0x12B)
[1224/135055.713:WARNING:pe_image_reader.cc(340)] could not read dos header from C:\WINDOWS\System32\CRYPT32.dll
[1224/135055.713:ERROR:process_memory_win.cc(73)] ReadMemory at 0x7ff950170000 of 64 bytes failed: Запрос ReadProcessMemory или WriteProcessMemory был выполнен только частично. (0x12B)
[1224/135055.713:WARNING:pe_image_reader.cc(340)] could not read dos header from C:\WINDOWS\System32\CRYPT32.dll
[1224/135055.713:ERROR:process_memory_win.cc(73)] ReadMemory at 0x7ff94f440000 of 64 bytes failed: Запрос ReadProcessMemory или WriteProcessMemory был выполнен только частично. (0x12B)
[1224/135055.713:WARNING:pe_image_reader.cc(340)] could not read dos header from C:\WINDOWS\SYSTEM32\dbghelp.dll
[1224/135055.713:ERROR:process_memory_win.cc(73)] ReadMemory at 0x7ff94f440000 of 64 bytes failed: Запрос ReadProcessMemory или WriteProcessMemory был выполнен только частично. (0x12B)
[1224/135055.713:WARNING:pe_image_reader.cc(340)] could not read dos header from C:\WINDOWS\SYSTEM32\dbghelp.dll
[1224/135055.713:ERROR:process_memory_win.cc(73)] ReadMemory at 0x7ff94e760000 of 64 bytes failed: Запрос ReadProcessMemory или WriteProcessMemory был выполнен только частично. (0x12B)
[1224/135055.713:WARNING:pe_image_reader.cc(340)] could not read dos header from C:\WINDOWS\SYSTEM32\IPHLPAPI.DLL
[1224/135055.713:ERROR:process_memory_win.cc(73)] ReadMemory at 0x7ff94e760000 of 64 bytes failed: Запрос ReadProcessMemory или WriteProcessMemory был выполнен только частично. (0x12B)
[1224/135055.713:WARNING:pe_image_reader.cc(340)] could not read dos header from C:\WINDOWS\SYSTEM32\IPHLPAPI.DLL
[1224/135055.713:ERROR:process_memory_win.cc(73)] ReadMemory at 0x7ff943180000 of 64 bytes failed: Запрос ReadProcessMemory или WriteProcessMemory был выполнен только частично. (0x12B)
[1224/135055.713:WARNING:pe_image_reader.cc(340)] could not read dos header from C:\WINDOWS\SYSTEM32\WINMM.dll
[1224/135055.713:ERROR:process_memory_win.cc(73)] ReadMemory at 0x7ff943180000 of 64 bytes failed: Запрос ReadProcessMemory или WriteProcessMemory был выполнен только частично. (0x12B)
[1224/135055.713:WARNING:pe_image_reader.cc(340)] could not read dos header from C:\WINDOWS\SYSTEM32\WINMM.dll
[1224/135055.713:ERROR:process_memory_win.cc(73)] ReadMemory at 0x7ff92a530000 of 64 bytes failed: Запрос ReadProcessMemory или WriteProcessMemory был выполнен только частично. (0x12B)
[1224/135055.713:WARNING:pe_image_reader.cc(340)] could not read dos header from C:\WINDOWS\SYSTEM32\UIAutomationCore.DLL
[1224/135055.717:ERROR:process_memory_win.cc(73)] ReadMemory at 0x7ff92a530000 of 64 bytes failed: Запрос ReadProcessMemory или WriteProcessMemory был выполнен только частично. (0x12B)
[1224/135055.717:WARNING:pe_image_reader.cc(340)] could not read dos header from C:\WINDOWS\SYSTEM32\UIAutomationCore.DLL
[1224/135055.717:ERROR:process_memory_win.cc(73)] ReadMemory at 0x7ff93b380000 of 64 bytes failed: Запрос ReadProcessMemory или WriteProcessMemory был выполнен только частично. (0x12B)
[1224/135055.717:WARNING:pe_image_reader.cc(340)] could not read dos header from C:\WINDOWS\SYSTEM32\Secur32.dll
[1224/135055.717:ERROR:process_memory_win.cc(73)] ReadMemory at 0x7ff93b380000 of 64 bytes failed: Запрос ReadProcessMemory или WriteProcessMemory был выполнен только частично. (0x12B)
[1224/135055.717:WARNING:pe_image_reader.cc(340)] could not read dos header from C:\WINDOWS\SYSTEM32\Secur32.dll
[1224/135055.717:ERROR:process_memory_win.cc(73)] ReadMemory at 0x7ff94f860000 of 64 bytes failed: Запрос ReadProcessMemory или WriteProcessMemory был выполнен только частично. (0x12B)
[1224/135055.717:WARNING:pe_image_reader.cc(340)] could not read dos header from C:\WINDOWS\SYSTEM32\USERENV.dll
[1224/135055.717:ERROR:process_memory_win.cc(73)] ReadMemory at 0x7ff94f860000 of 64 bytes failed: Запрос ReadProcessMemory или WriteProcessMemory был выполнен только частично. (0x12B)
[1224/135055.717:WARNING:pe_image_reader.cc(340)] could not read dos header from C:\WINDOWS\SYSTEM32\USERENV.dll
[1224/135055.717:ERROR:process_memory_win.cc(73)] ReadMemory at 0x7ff936930000 of 64 bytes failed: Запрос ReadProcessMemory или WriteProcessMemory был выполнен только частично. (0x12B)
[1224/135055.717:WARNING:pe_image_reader.cc(340)] could not read dos header from C:\WINDOWS\SYSTEM32\DWrite.dll
[1224/135055.717:ERROR:process_memory_win.cc(73)] ReadMemory at 0x7ff936930000 of 64 bytes failed: Запрос ReadProcessMemory или WriteProcessMemory был выполнен только частично. (0x12B)
[1224/135055.717:WARNING:pe_image_reader.cc(340)] could not read dos header from C:\WINDOWS\SYSTEM32\DWrite.dll
[1224/135055.717:ERROR:process_memory_win.cc(73)] ReadMemory at 0x7ff948b40000 of 64 bytes failed: Запрос ReadProcessMemory или WriteProcessMemory был выполнен только частично. (0x12B)
[1224/135055.717:WARNING:pe_image_reader.cc(340)] could not read dos header from C:\WINDOWS\SYSTEM32\WINSPOOL.DRV
[1224/135055.717:ERROR:process_memory_win.cc(73)] ReadMemory at 0x7ff948b40000 of 64 bytes failed: Запрос ReadProcessMemory или WriteProcessMemory был выполнен только частично. (0x12B)
[1224/135055.717:WARNING:pe_image_reader.cc(340)] could not read dos header from C:\WINDOWS\SYSTEM32\WINSPOOL.DRV
[1224/135055.720:ERROR:process_memory_win.cc(73)] ReadMemory at 0x7ff942c10000 of 64 bytes failed: Запрос ReadProcessMemory или WriteProcessMemory был выполнен только частично. (0x12B)
[1224/135055.720:WARNING:pe_image_reader.cc(340)] could not read dos header from C:\WINDOWS\SYSTEM32\WINHTTP.dll
[1224/135055.720:ERROR:process_memory_win.cc(73)] ReadMemory at 0x7ff942c10000 of 64 bytes failed: Запрос ReadProcessMemory или WriteProcessMemory был выполнен только частично. (0x12B)
[1224/135055.720:WARNING:pe_image_reader.cc(340)] could not read dos header from C:\WINDOWS\SYSTEM32\WINHTTP.dll
[1224/135055.720:ERROR:process_memory_win.cc(73)] ReadMemory at 0x7ff944490000 of 64 bytes failed: Запрос ReadProcessMemory или WriteProcessMemory был выполнен только частично. (0x12B)
[1224/135055.720:WARNING:pe_image_reader.cc(340)] could not read dos header from C:\WINDOWS\SYSTEM32\dhcpcsvc.DLL
[1224/135055.720:ERROR:process_memory_win.cc(73)] ReadMemory at 0x7ff944490000 of 64 bytes failed: Запрос ReadProcessMemory или WriteProcessMemory был выполнен только частично. (0x12B)
[1224/135055.720:WARNING:pe_image_reader.cc(340)] could not read dos header from C:\WINDOWS\SYSTEM32\dhcpcsvc.DLL
[1224/135055.720:ERROR:process_memory_win.cc(73)] ReadMemory at 0x7ff94a740000 of 64 bytes failed: Запрос ReadProcessMemory или WriteProcessMemory был выполнен только частично. (0x12B)
[1224/135055.720:WARNING:pe_image_reader.cc(340)] could not read dos header from C:\WINDOWS\SYSTEM32\PROPSYS.dll
[1224/135055.720:ERROR:process_memory_win.cc(73)] ReadMemory at 0x7ff94a740000 of 64 bytes failed: Запрос ReadProcessMemory или WriteProcessMemory был выполнен только частично. (0x12B)
[1224/135055.720:WARNING:pe_image_reader.cc(340)] could not read dos header from C:\WINDOWS\SYSTEM32\PROPSYS.dll
[1224/135055.720:ERROR:process_memory_win.cc(73)] ReadMemory at 0x7ff94f890000 of 64 bytes failed: Запрос ReadProcessMemory или WriteProcessMemory был выполнен только частично. (0x12B)
[1224/135055.720:WARNING:pe_image_reader.cc(340)] could not read dos header from C:\WINDOWS\SYSTEM32\SSPICLI.DLL
[1224/135055.720:ERROR:process_memory_win.cc(73)] ReadMemory at 0x7ff94f890000 of 64 bytes failed: Запрос ReadProcessMemory или WriteProcessMemory был выполнен только частично. (0x12B)
[1224/135055.720:WARNING:pe_image_reader.cc(340)] could not read dos header from C:\WINDOWS\SYSTEM32\SSPICLI.DLL
[1224/135055.720:ERROR:process_memory_win.cc(73)] ReadMemory at 0x7ff94f280000 of 64 bytes failed: Запрос ReadProcessMemory или WriteProcessMemory был выполнен только частично. (0x12B)
[1224/135055.720:WARNING:pe_image_reader.cc(340)] could not read dos header from C:\WINDOWS\System32\MSASN1.dll
[1224/135055.720:ERROR:process_memory_win.cc(73)] ReadMemory at 0x7ff94f280000 of 64 bytes failed: Запрос ReadProcessMemory или WriteProcessMemory был выполнен только частично. (0x12B)
[1224/135055.720:WARNING:pe_image_reader.cc(340)] could not read dos header from C:\WINDOWS\System32\MSASN1.dll
[1224/135055.720:ERROR:process_memory_win.cc(73)] ReadMemory at 0x7ff94fd40000 of 64 bytes failed: Запрос ReadProcessMemory или WriteProcessMemory был выполнен только частично. (0x12B)
[1224/135055.720:WARNING:pe_image_reader.cc(340)] could not read dos header from C:\WINDOWS\System32\bcryptPrimitives.dll
[1224/135055.720:ERROR:process_memory_win.cc(73)] ReadMemory at 0x7ff94fd40000 of 64 bytes failed: Запрос ReadProcessMemory или WriteProcessMemory был выполнен только частично. (0x12B)
[1224/135055.720:WARNING:pe_image_reader.cc(340)] could not read dos header from C:\WINDOWS\System32\bcryptPrimitives.dll
[1224/135055.720:ERROR:process_memory_win.cc(73)] ReadMemory at 0x7ff94eee0000 of 64 bytes failed: Запрос ReadProcessMemory или WriteProcessMemory был выполнен только частично. (0x12B)
[1224/135055.720:WARNING:pe_image_reader.cc(340)] could not read dos header from C:\WINDOWS\SYSTEM32\CRYPTBASE.DLL
[1224/135055.723:ERROR:process_memory_win.cc(73)] ReadMemory at 0x7ff94eee0000 of 64 bytes failed: Запрос ReadProcessMemory или WriteProcessMemory был выполнен только частично. (0x12B)
[1224/135055.723:WARNING:pe_image_reader.cc(340)] could not read dos header from C:\WINDOWS\SYSTEM32\CRYPTBASE.DLL
[1224/135055.903:ERROR:process_memory_win.cc(73)] ReadMemory at 0x7ff68e870000 of 64 bytes failed: Запрос ReadProcessMemory или WriteProcessMemory был выполнен только частично. (0x12B)
[1224/135055.903:WARNING:pe_image_reader.cc(340)] could not read dos header from C:\Program Files (x86)\Google\Chrome\Application\chrome.exe
[1224/135055.903:ERROR:process_memory_win.cc(73)] ReadMemory at 0x7ff952270000 of 64 bytes failed: Запрос ReadProcessMemory или WriteProcessMemory был выполнен только частично. (0x12B)
[1224/135055.903:WARNING:pe_image_reader.cc(340)] could not read dos header from C:\WINDOWS\SYSTEM32\ntdll.dll
[1224/135055.903:ERROR:process_memory_win.cc(73)] ReadMemory at 0x7ff950f60000 of 64 bytes failed: Запрос ReadProcessMemory или WriteProcessMemory был выполнен только частично. (0x12B)
[1224/135055.903:WARNING:pe_image_reader.cc(340)] could not read dos header from C:\WINDOWS\System32\KERNEL32.DLL
[1224/135055.903:ERROR:process_memory_win.cc(73)] ReadMemory at 0x7ff94fdc0000 of 64 bytes failed: Запрос ReadProcessMemory или WriteProcessMemory был выполнен только частично. (0x12B)
[1224/135055.903:WARNING:pe_image_reader.cc(340)] could not read dos header from C:\WINDOWS\System32\KERNELBASE.dll
[1224/135055.903:ERROR:process_memory_win.cc(73)] ReadMemory at 0x7ff9291a0000 of 64 bytes failed: Запрос ReadProcessMemory или WriteProcessMemory был выполнен только частично. (0x12B)
[1224/135055.903:WARNING:pe_image_reader.cc(340)] could not read dos header from C:\Program Files (x86)\Google\Chrome\Application\87.0.4280.88\chrome_elf.dll
[1224/135055.908:ERROR:process_memory_win.cc(73)] ReadMemory at 0x7ff93e4b0000 of 64 bytes failed: Запрос ReadProcessMemory или WriteProcessMemory был выполнен только частично. (0x12B)
[1224/135055.908:WARNING:pe_image_reader.cc(340)] could not read dos header from C:\WINDOWS\SYSTEM32\VERSION.dll
[1224/135055.908:ERROR:process_memory_win.cc(73)] ReadMemory at 0x7ff951690000 of 64 bytes failed: Запрос ReadProcessMemory или WriteProcessMemory был выполнен только частично. (0x12B)
[1224/135055.908:WARNING:pe_image_reader.cc(340)] could not read dos header from C:\WINDOWS\System32\msvcrt.dll
[1224/135055.908:ERROR:process_memory_win.cc(73)] ReadMemory at 0x7ff951530000 of 64 bytes failed: Запрос ReadProcessMemory или WriteProcessMemory был выполнен только частично. (0x12B)
[1224/135055.908:WARNING:pe_image_reader.cc(340)] could not read dos header from C:\WINDOWS\System32\ADVAPI32.dll
[1224/135055.908:ERROR:process_memory_win.cc(73)] ReadMemory at 0x1d185830000 of 64 bytes failed: Запрос ReadProcessMemory или WriteProcessMemory был выполнен только частично. (0x12B)
[1224/135055.908:WARNING:pe_image_reader.cc(340)] could not read dos header from C:\WINDOWS\System32\sechost.dll
[1224/135055.908:ERROR:process_memory_win.cc(73)] ReadMemory at 0x7ff950510000 of 64 bytes failed: Запрос ReadProcessMemory или WriteProcessMemory был выполнен только частично. (0x12B)
[1224/135055.908:WARNING:pe_image_reader.cc(340)] could not read dos header from C:\WINDOWS\System32\RPCRT4.dll
[1224/135055.908:ERROR:process_memory_win.cc(73)] ReadMemory at 0x7ff914340000 of 64 bytes failed: Запрос ReadProcessMemory или WriteProcessMemory был выполнен только частично. (0x12B)
[1224/135055.908:WARNING:pe_image_reader.cc(340)] could not read dos header from C:\Program Files (x86)\Google\Chrome\Application\87.0.4280.88\chrome.dll
[1224/135055.908:ERROR:process_memory_win.cc(73)] ReadMemory at 0x7ff950b90000 of 64 bytes failed: Запрос ReadProcessMemory или WriteProcessMemory был выполнен только частично. (0x12B)
[1224/135055.908:WARNING:pe_image_reader.cc(340)] could not read dos header from C:\WINDOWS\System32\WS2_32.dll
[1224/135055.908:ERROR:process_memory_win.cc(73)] ReadMemory at 0x7ff951a10000 of 64 bytes failed: Запрос ReadProcessMemory или WriteProcessMemory был выполнен только частично. (0x12B)
[1224/135055.908:WARNING:pe_image_reader.cc(340)] could not read dos header from C:\WINDOWS\System32\OLEAUT32.dll
[1224/135055.908:ERROR:process_memory_win.cc(73)] ReadMemory at 0x7ff94fc10000 of 64 bytes failed: Запрос ReadProcessMemory или WriteProcessMemory был выполнен только частично. (0x12B)
[1224/135055.908:WARNING:pe_image_reader.cc(340)] could not read dos header from C:\WINDOWS\System32\msvcp_win.dll
[1224/135055.908:ERROR:process_memory_win.cc(73)] ReadMemory at 0x7ff94f9b0000 of 64 bytes failed: Запрос ReadProcessMemory или WriteProcessMemory был выполнен только частично. (0x12B)
[1224/135055.908:WARNING:pe_image_reader.cc(340)] could not read dos header from C:\WINDOWS\System32\ucrtbase.dll
[1224/135055.908:ERROR:process_memory_win.cc(73)] ReadMemory at 0x7ff950c00000 of 64 bytes failed: Запрос ReadProcessMemory или WriteProcessMemory был выполнен только частично. (0x12B)
[1224/135055.908:WARNING:pe_image_reader.cc(340)] could not read dos header from C:\WINDOWS\System32\combase.dll
[1224/135055.908:ERROR:process_memory_win.cc(73)] ReadMemory at 0x7ff94fce0000 of 64 bytes failed: Запрос ReadProcessMemory или WriteProcessMemory был выполнен только частично. (0x12B)
[1224/135055.908:WARNING:pe_image_reader.cc(340)] could not read dos header from C:\WINDOWS\System32\WINTRUST.dll
[1224/135055.908:ERROR:process_memory_win.cc(73)] ReadMemory at 0x7ff950170000 of 64 bytes failed: Запрос ReadProcessMemory или WriteProcessMemory был выполнен только частично. (0x12B)
[1224/135055.908:WARNING:pe_image_reader.cc(340)] could not read dos header from C:\WINDOWS\System32\CRYPT32.dll
[1224/135055.908:ERROR:process_memory_win.cc(73)] ReadMemory at 0x7ff94f440000 of 64 bytes failed: Запрос ReadProcessMemory или WriteProcessMemory был выполнен только частично. (0x12B)
[1224/135055.908:WARNING:pe_image_reader.cc(340)] could not read dos header from C:\WINDOWS\SYSTEM32\dbghelp.dll
[1224/135055.908:ERROR:process_memory_win.cc(73)] ReadMemory at 0x7ff94e760000 of 64 bytes failed: Запрос ReadProcessMemory или WriteProcessMemory был выполнен только частично. (0x12B)
[1224/135055.908:WARNING:pe_image_reader.cc(340)] could not read dos header from C:\WINDOWS\SYSTEM32\IPHLPAPI.DLL
[1224/135055.908:ERROR:process_memory_win.cc(73)] ReadMemory at 0x7ff943180000 of 64 bytes failed: Запрос ReadProcessMemory или WriteProcessMemory был выполнен только частично. (0x12B)
[1224/135055.908:WARNING:pe_image_reader.cc(340)] could not read dos header from C:\WINDOWS\SYSTEM32\WINMM.dll
[1224/135055.908:ERROR:process_memory_win.cc(73)] ReadMemory at 0x7ff92a530000 of 64 bytes failed: Запрос ReadProcessMemory или WriteProcessMemory был выполнен только частично. (0x12B)
[1224/135055.908:WARNING:pe_image_reader.cc(340)] could not read dos header from C:\WINDOWS\SYSTEM32\UIAutomationCore.DLL
[1224/135055.908:ERROR:process_memory_win.cc(73)] ReadMemory at 0x7ff93b380000 of 64 bytes failed: Запрос ReadProcessMemory или WriteProcessMemory был выполнен только частично. (0x12B)
[1224/135055.908:WARNING:pe_image_reader.cc(340)] could not read dos header from C:\WINDOWS\SYSTEM32\Secur32.dll
[1224/135055.908:ERROR:process_memory_win.cc(73)] ReadMemory at 0x7ff94f860000 of 64 bytes failed: Запрос ReadProcessMemory или WriteProcessMemory был выполнен только частично. (0x12B)
[1224/135055.908:WARNING:pe_image_reader.cc(340)] could not read dos header from C:\WINDOWS\SYSTEM32\USERENV.dll
[1224/135055.908:ERROR:process_memory_win.cc(73)] ReadMemory at 0x7ff936930000 of 64 bytes failed: Запрос ReadProcessMemory или WriteProcessMemory был выполнен только частично. (0x12B)
[1224/135055.908:WARNING:pe_image_reader.cc(340)] could not read dos header from C:\WINDOWS\SYSTEM32\DWrite.dll
[1224/135055.908:ERROR:process_memory_win.cc(73)] ReadMemory at 0x7ff948b40000 of 64 bytes failed: Запрос ReadProcessMemory или WriteProcessMemory был выполнен только частично. (0x12B)
[1224/135055.908:WARNING:pe_image_reader.cc(340)] could not read dos header from C:\WINDOWS\SYSTEM32\WINSPOOL.DRV
[1224/135055.908:ERROR:process_memory_win.cc(73)] ReadMemory at 0x7ff942c10000 of 64 bytes failed: Запрос ReadProcessMemory или WriteProcessMemory был выполнен только частично. (0x12B)
[1224/135055.908:WARNING:pe_image_reader.cc(340)] could not read dos header from C:\WINDOWS\SYSTEM32\WINHTTP.dll
[1224/135055.908:ERROR:process_memory_win.cc(73)] ReadMemory at 0x7ff944490000 of 64 bytes failed: Запрос ReadProcessMemory или WriteProcessMemory был выполнен только частично. (0x12B)
[1224/135055.908:WARNING:pe_image_reader.cc(340)] could not read dos header from C:\WINDOWS\SYSTEM32\dhcpcsvc.DLL
[1224/135055.908:ERROR:process_memory_win.cc(73)] ReadMemory at 0x7ff94a740000 of 64 bytes failed: Запрос ReadProcessMemory или WriteProcessMemory был выполнен только частично. (0x12B)
[1224/135055.908:WARNING:pe_image_reader.cc(340)] could not read dos header from C:\WINDOWS\SYSTEM32\PROPSYS.dll
[1224/135055.908:ERROR:process_memory_win.cc(73)] ReadMemory at 0x7ff94f890000 of 64 bytes failed: Запрос ReadProcessMemory или WriteProcessMemory был выполнен только частично. (0x12B)
[1224/135055.908:WARNING:pe_image_reader.cc(340)] could not read dos header from C:\WINDOWS\SYSTEM32\SSPICLI.DLL
[1224/135055.912:ERROR:process_memory_win.cc(73)] ReadMemory at 0x7ff94f280000 of 64 bytes failed: Запрос ReadProcessMemory или WriteProcessMemory был выполнен только частично. (0x12B)
[1224/135055.912:WARNING:pe_image_reader.cc(340)] could not read dos header from C:\WINDOWS\System32\MSASN1.dll
[1224/135055.912:ERROR:process_memory_win.cc(73)] ReadMemory at 0x7ff94fd40000 of 64 bytes failed: Запрос ReadProcessMemory или WriteProcessMemory был выполнен только частично. (0x12B)
[1224/135055.912:WARNING:pe_image_reader.cc(340)] could not read dos header from C:\WINDOWS\System32\bcryptPrimitives.dll
[1224/135055.912:ERROR:process_memory_win.cc(73)] ReadMemory at 0x7ff94eee0000 of 64 bytes failed: Запрос ReadProcessMemory или WriteProcessMemory был выполнен только частично. (0x12B)
[1224/135055.912:WARNING:pe_image_reader.cc(340)] could not read dos header from C:\WINDOWS\SYSTEM32\CRYPTBASE.DLL
[1224/135055.917:ERROR:process_memory_win.cc(73)] ReadMemory at 0x7ff68e870000 of 64 bytes failed: Запрос ReadProcessMemory или WriteProcessMemory был выполнен только частично. (0x12B)
[1224/135055.917:WARNING:pe_image_reader.cc(340)] could not read dos header from C:\Program Files (x86)\Google\Chrome\Application\chrome.exe
[1224/135055.917:ERROR:process_memory_win.cc(73)] ReadMemory at 0x7ff952270000 of 64 bytes failed: Запрос ReadProcessMemory или WriteProcessMemory был выполнен только частично. (0x12B)
[1224/135055.917:WARNING:pe_image_reader.cc(340)] could not read dos header from C:\WINDOWS\SYSTEM32\ntdll.dll
[1224/135055.917:ERROR:process_memory_win.cc(73)] ReadMemory at 0x7ff950f60000 of 64 bytes failed: Запрос ReadProcessMemory или WriteProcessMemory был выполнен только частично. (0x12B)
[1224/135055.917:WARNING:pe_image_reader.cc(340)] could not read dos header from C:\WINDOWS\System32\KERNEL32.DLL
[1224/135055.917:ERROR:process_memory_win.cc(73)] ReadMemory at 0x7ff94fdc0000 of 64 bytes failed: Запрос ReadProcessMemory или WriteProcessMemory был выполнен только частично. (0x12B)
[1224/135055.917:WARNING:pe_image_reader.cc(340)] could not read dos header from C:\WINDOWS\System32\KERNELBASE.dll
[1224/135055.917:ERROR:process_memory_win.cc(73)] ReadMemory at 0x7ff9291a0000 of 64 bytes failed: Запрос ReadProcessMemory или WriteProcessMemory был выполнен только частично. (0x12B)
[1224/135055.917:WARNING:pe_image_reader.cc(340)] could not read dos header from C:\Program Files (x86)\Google\Chrome\Application\87.0.4280.88\chrome_elf.dll
[1224/135055.917:ERROR:process_memory_win.cc(73)] ReadMemory at 0x7ff93e4b0000 of 64 bytes failed: Запрос ReadProcessMemory или WriteProcessMemory был выполнен только частично. (0x12B)
[1224/135055.917:WARNING:pe_image_reader.cc(340)] could not read dos header from C:\WINDOWS\SYSTEM32\VERSION.dll
[1224/135055.917:ERROR:process_memory_win.cc(73)] ReadMemory at 0x7ff951690000 of 64 bytes failed: Запрос ReadProcessMemory или WriteProcessMemory был выполнен только частично. (0x12B)
[1224/135055.917:WARNING:pe_image_reader.cc(340)] could not read dos header from C:\WINDOWS\System32\msvcrt.dll
[1224/135055.917:ERROR:process_memory_win.cc(73)] ReadMemory at 0x7ff951530000 of 64 bytes failed: Запрос ReadProcessMemory или WriteProcessMemory был выполнен только частично. (0x12B)
[1224/135055.917:WARNING:pe_image_reader.cc(340)] could not read dos header from C:\WINDOWS\System32\ADVAPI32.dll
[1224/135055.917:ERROR:process_memory_win.cc(73)] ReadMemory at 0x1d185830000 of 64 bytes failed: Запрос ReadProcessMemory или WriteProcessMemory был выполнен только частично. (0x12B)
[1224/135055.917:WARNING:pe_image_reader.cc(340)] could not read dos header from C:\WINDOWS\System32\sechost.dll
[1224/135055.917:ERROR:process_memory_win.cc(73)] ReadMemory at 0x7ff950510000 of 64 bytes failed: Запрос ReadProcessMemory или WriteProcessMemory был выполнен только частично. (0x12B)
[1224/135055.917:WARNING:pe_image_reader.cc(340)] could not read dos header from C:\WINDOWS\System32\RPCRT4.dll
[1224/135055.917:ERROR:process_memory_win.cc(73)] ReadMemory at 0x7ff914340000 of 64 bytes failed: Запрос ReadProcessMemory или WriteProcessMemory был выполнен только частично. (0x12B)
[1224/135055.917:WARNING:pe_image_reader.cc(340)] could not read dos header from C:\Program Files (x86)\Google\Chrome\Application\87.0.4280.88\chrome.dll
[1224/135055.917:ERROR:process_memory_win.cc(73)] ReadMemory at 0x7ff950b90000 of 64 bytes failed: Запрос ReadProcessMemory или WriteProcessMemory был выполнен только частично. (0x12B)
[1224/135055.922:WARNING:pe_image_reader.cc(340)] could not read dos header from C:\WINDOWS\System32\WS2_32.dll
[1224/135055.922:ERROR:process_memory_win.cc(73)] ReadMemory at 0x7ff951a10000 of 64 bytes failed: Запрос ReadProcessMemory или WriteProcessMemory был выполнен только частично. (0x12B)
[1224/135055.922:WARNING:pe_image_reader.cc(340)] could not read dos header from C:\WINDOWS\System32\OLEAUT32.dll
[1224/135055.922:ERROR:process_memory_win.cc(73)] ReadMemory at 0x7ff94fc10000 of 64 bytes failed: Запрос ReadProcessMemory или WriteProcessMemory был выполнен только частично. (0x12B)
[1224/135055.922:WARNING:pe_image_reader.cc(340)] could not read dos header from C:\WINDOWS\System32\msvcp_win.dll
[1224/135055.922:ERROR:process_memory_win.cc(73)] ReadMemory at 0x7ff94f9b0000 of 64 bytes failed: Запрос ReadProcessMemory или WriteProcessMemory был выполнен только частично. (0x12B)
[1224/135055.922:WARNING:pe_image_reader.cc(340)] could not read dos header from C:\WINDOWS\System32\ucrtbase.dll
[1224/135055.922:ERROR:process_memory_win.cc(73)] ReadMemory at 0x7ff950c00000 of 64 bytes failed: Запрос ReadProcessMemory или WriteProcessMemory был выполнен только частично. (0x12B)
[1224/135055.922:WARNING:pe_image_reader.cc(340)] could not read dos header from C:\WINDOWS\System32\combase.dll
[1224/135055.922:ERROR:process_memory_win.cc(73)] ReadMemory at 0x7ff94fce0000 of 64 bytes failed: Запрос ReadProcessMemory или WriteProcessMemory был выполнен только частично. (0x12B)
[1224/135055.922:WARNING:pe_image_reader.cc(340)] could not read dos header from C:\WINDOWS\System32\WINTRUST.dll
[1224/135055.922:ERROR:process_memory_win.cc(73)] ReadMemory at 0x7ff950170000 of 64 bytes failed: Запрос ReadProcessMemory или WriteProcessMemory был выполнен только частично. (0x12B)
[1224/135055.922:WARNING:pe_image_reader.cc(340)] could not read dos header from C:\WINDOWS\System32\CRYPT32.dll
[1224/135055.922:ERROR:process_memory_win.cc(73)] ReadMemory at 0x7ff94f440000 of 64 bytes failed: Запрос ReadProcessMemory или WriteProcessMemory был выполнен только частично. (0x12B)
[1224/135055.922:WARNING:pe_image_reader.cc(340)] could not read dos header from C:\WINDOWS\SYSTEM32\dbghelp.dll
[1224/135055.922:ERROR:process_memory_win.cc(73)] ReadMemory at 0x7ff94e760000 of 64 bytes failed: Запрос ReadProcessMemory или WriteProcessMemory был выполнен только частично. (0x12B)
[1224/135055.922:WARNING:pe_image_reader.cc(340)] could not read dos header from C:\WINDOWS\SYSTEM32\IPHLPAPI.DLL
[1224/135055.922:ERROR:process_memory_win.cc(73)] ReadMemory at 0x7ff943180000 of 64 bytes failed: Запрос ReadProcessMemory или WriteProcessMemory был выполнен только частично. (0x12B)
[1224/135055.922:WARNING:pe_image_reader.cc(340)] could not read dos header from C:\WINDOWS\SYSTEM32\WINMM.dll
[1224/135055.927:ERROR:process_memory_win.cc(73)] ReadMemory at 0x7ff92a530000 of 64 bytes failed: Запрос ReadProcessMemory или WriteProcessMemory был выполнен только частично. (0x12B)
[1224/135055.927:WARNING:pe_image_reader.cc(340)] could not read dos header from C:\WINDOWS\SYSTEM32\UIAutomationCore.DLL
[1224/135055.927:ERROR:process_memory_win.cc(73)] ReadMemory at 0x7ff93b380000 of 64 bytes failed: Запрос ReadProcessMemory или WriteProcessMemory был выполнен только частично. (0x12B)
[1224/135055.927:WARNING:pe_image_reader.cc(340)] could not read dos header from C:\WINDOWS\SYSTEM32\Secur32.dll
[1224/135055.927:ERROR:process_memory_win.cc(73)] ReadMemory at 0x7ff94f860000 of 64 bytes failed: Запрос ReadProcessMemory или WriteProcessMemory был выполнен только частично. (0x12B)
[1224/135055.927:WARNING:pe_image_reader.cc(340)] could not read dos header from C:\WINDOWS\SYSTEM32\USERENV.dll
[1224/135055.927:ERROR:process_memory_win.cc(73)] ReadMemory at 0x7ff936930000 of 64 bytes failed: Запрос ReadProcessMemory или WriteProcessMemory был выполнен только частично. (0x12B)
[1224/135055.927:WARNING:pe_image_reader.cc(340)] could not read dos header from C:\WINDOWS\SYSTEM32\DWrite.dll
[1224/135055.927:ERROR:process_memory_win.cc(73)] ReadMemory at 0x7ff948b40000 of 64 bytes failed: Запрос ReadProcessMemory или WriteProcessMemory был выполнен только частично. (0x12B)
[1224/135055.927:WARNING:pe_image_reader.cc(340)] could not read dos header from C:\WINDOWS\SYSTEM32\WINSPOOL.DRV
[1224/135055.927:ERROR:process_memory_win.cc(73)] ReadMemory at 0x7ff942c10000 of 64 bytes failed: Запрос ReadProcessMemory или WriteProcessMemory был выполнен только частично. (0x12B)
[1224/135055.927:WARNING:pe_image_reader.cc(340)] could not read dos header from C:\WINDOWS\SYSTEM32\WINHTTP.dll
[1224/135055.927:ERROR:process_memory_win.cc(73)] ReadMemory at 0x7ff944490000 of 64 bytes failed: Запрос ReadProcessMemory или WriteProcessMemory был выполнен только частично. (0x12B)
[1224/135055.927:WARNING:pe_image_reader.cc(340)] could not read dos header from C:\WINDOWS\SYSTEM32\dhcpcsvc.DLL
[1224/135055.927:ERROR:process_memory_win.cc(73)] ReadMemory at 0x7ff94a740000 of 64 bytes failed: Запрос ReadProcessMemory или WriteProcessMemory был выполнен только частично. (0x12B)
[1224/135055.927:WARNING:pe_image_reader.cc(340)] could not read dos header from C:\WINDOWS\SYSTEM32\PROPSYS.dll
[1224/135055.927:ERROR:process_memory_win.cc(73)] ReadMemory at 0x7ff94f890000 of 64 bytes failed: Запрос ReadProcessMemory или WriteProcessMemory был выполнен только частично. (0x12B)
[1224/135055.927:WARNING:pe_image_reader.cc(340)] could not read dos header from C:\WINDOWS\SYSTEM32\SSPICLI.DLL
[1224/135055.927:ERROR:process_memory_win.cc(73)] ReadMemory at 0x7ff94f280000 of 64 bytes failed: Запрос ReadProcessMemory или WriteProcessMemory был выполнен только частично. (0x12B)
[1224/135055.927:WARNING:pe_image_reader.cc(340)] could not read dos header from C:\WINDOWS\System32\MSASN1.dll
[1224/135055.927:ERROR:process_memory_win.cc(73)] ReadMemory at 0x7ff94fd40000 of 64 bytes failed: Запрос ReadProcessMemory или WriteProcessMemory был выполнен только частично. (0x12B)
[1224/135055.927:WARNING:pe_image_reader.cc(340)] could not read dos header from C:\WINDOWS\System32\bcryptPrimitives.dll
[1224/135055.927:ERROR:process_memory_win.cc(73)] ReadMemory at 0x7ff94eee0000 of 64 bytes failed: Запрос ReadProcessMemory или WriteProcessMemory был выполнен только частично. (0x12B)
[1224/135055.927:WARNING:pe_image_reader.cc(340)] could not read dos header from C:\WINDOWS\SYSTEM32\CRYPTBASE.DLL
[1224/135055.927:ERROR:process_memory_win.cc(73)] ReadMemory at 0x7ff68e870000 of 64 bytes failed: Запрос ReadProcessMemory или WriteProcessMemory был выполнен только частично. (0x12B)
[1224/135055.927:WARNING:pe_image_reader.cc(340)] could not read dos header from C:\Program Files (x86)\Google\Chrome\Application\chrome.exe
[1224/135055.927:ERROR:process_memory_win.cc(73)] ReadMemory at 0x7ff952270000 of 64 bytes failed: Запрос ReadProcessMemory или WriteProcessMemory был выполнен только частично. (0x12B)
[1224/135055.927:WARNING:pe_image_reader.cc(340)] could not read dos header from C:\WINDOWS\SYSTEM32\ntdll.dll
[1224/135055.927:ERROR:process_memory_win.cc(73)] ReadMemory at 0x7ff950f60000 of 64 bytes failed: Запрос ReadProcessMemory или WriteProcessMemory был выполнен только частично. (0x12B)
[1224/135055.927:WARNING:pe_image_reader.cc(340)] could not read dos header from C:\WINDOWS\System32\KERNEL32.DLL
[1224/135055.927:ERROR:process_memory_win.cc(73)] ReadMemory at 0x7ff94fdc0000 of 64 bytes failed: Запрос ReadProcessMemory или WriteProcessMemory был выполнен только частично. (0x12B)
[1224/135055.927:WARNING:pe_image_reader.cc(340)] could not read dos header from C:\WINDOWS\System32\KERNELBASE.dll
[1224/135055.927:ERROR:process_memory_win.cc(73)] ReadMemory at 0x7ff9291a0000 of 64 bytes failed: Запрос ReadProcessMemory или WriteProcessMemory был выполнен только частично. (0x12B)
[1224/135055.927:WARNING:pe_image_reader.cc(340)] could not read dos header from C:\Program Files (x86)\Google\Chrome\Application\87.0.4280.88\chrome_elf.dll
[1224/135055.927:ERROR:process_memory_win.cc(73)] ReadMemory at 0x7ff93e4b0000 of 64 bytes failed: Запрос ReadProcessMemory или WriteProcessMemory был выполнен только частично. (0x12B)
[1224/135055.927:WARNING:pe_image_reader.cc(340)] could not read dos header from C:\WINDOWS\SYSTEM32\VERSION.dll
[1224/135055.927:ERROR:process_memory_win.cc(73)] ReadMemory at 0x7ff951690000 of 64 bytes failed: Запрос ReadProcessMemory или WriteProcessMemory был выполнен только частично. (0x12B)
[1224/135055.927:WARNING:pe_image_reader.cc(340)] could not read dos header from C:\WINDOWS\System32\msvcrt.dll
[1224/135055.927:ERROR:process_memory_win.cc(73)] ReadMemory at 0x7ff951530000 of 64 bytes failed: Запрос ReadProcessMemory или WriteProcessMemory был выполнен только частично. (0x12B)
[1224/135055.927:WARNING:pe_image_reader.cc(340)] could not read dos header from C:\WINDOWS\System32\ADVAPI32.dll
[1224/135055.927:ERROR:process_memory_win.cc(73)] ReadMemory at 0x1d185830000 of 64 bytes failed: Запрос ReadProcessMemory или WriteProcessMemory был выполнен только частично. (0x12B)
[1224/135055.927:WARNING:pe_image_reader.cc(340)] could not read dos header from C:\WINDOWS\System32\sechost.dll
[1224/135055.927:ERROR:process_memory_win.cc(73)] ReadMemory at 0x7ff950510000 of 64 bytes failed: Запрос ReadProcessMemory или WriteProcessMemory был выполнен только частично. (0x12B)
[1224/135055.927:WARNING:pe_image_reader.cc(340)] could not read dos header from C:\WINDOWS\System32\RPCRT4.dll
[1224/135055.927:ERROR:process_memory_win.cc(73)] ReadMemory at 0x7ff914340000 of 64 bytes failed: Запрос ReadProcessMemory или WriteProcessMemory был выполнен только частично. (0x12B)
[1224/135055.927:WARNING:pe_image_reader.cc(340)] could not read dos header from C:\Program Files (x86)\Google\Chrome\Application\87.0.4280.88\chrome.dll
[1224/135055.927:ERROR:process_memory_win.cc(73)] ReadMemory at 0x7ff950b90000 of 64 bytes failed: Запрос ReadProcessMemory или WriteProcessMemory был выполнен только частично. (0x12B)
[1224/135055.927:WARNING:pe_image_reader.cc(340)] could not read dos header from C:\WINDOWS\System32\WS2_32.dll
[1224/135055.927:ERROR:process_memory_win.cc(73)] ReadMemory at 0x7ff951a10000 of 64 bytes failed: Запрос ReadProcessMemory или WriteProcessMemory был выполнен только частично. (0x12B)
[1224/135055.927:WARNING:pe_image_reader.cc(340)] could not read dos header from C:\WINDOWS\System32\OLEAUT32.dll
[1224/135055.927:ERROR:process_memory_win.cc(73)] ReadMemory at 0x7ff94fc10000 of 64 bytes failed: Запрос ReadProcessMemory или WriteProcessMemory был выполнен только частично. (0x12B)
[1224/135055.927:WARNING:pe_image_reader.cc(340)] could not read dos header from C:\WINDOWS\System32\msvcp_win.dll
[1224/135055.927:ERROR:process_memory_win.cc(73)] ReadMemory at 0x7ff94f9b0000 of 64 bytes failed: Запрос ReadProcessMemory или WriteProcessMemory был выполнен только частично. (0x12B)
[1224/135055.927:WARNING:pe_image_reader.cc(340)] could not read dos header from C:\WINDOWS\System32\ucrtbase.dll
[1224/135055.927:ERROR:process_memory_win.cc(73)] ReadMemory at 0x7ff950c00000 of 64 bytes failed: Запрос ReadProcessMemory или WriteProcessMemory был выполнен только частично. (0x12B)
[1224/135055.927:WARNING:pe_image_reader.cc(340)] could not read dos header from C:\WINDOWS\System32\combase.dll
[1224/135055.927:ERROR:process_memory_win.cc(73)] ReadMemory at 0x7ff94fce0000 of 64 bytes failed: Запрос ReadProcessMemory или WriteProcessMemory был выполнен только частично. (0x12B)
[1224/135055.927:WARNING:pe_image_reader.cc(340)] could not read dos header from C:\WINDOWS\System32\WINTRUST.dll
[1224/135055.933:ERROR:process_memory_win.cc(73)] ReadMemory at 0x7ff950170000 of 64 bytes failed: Запрос ReadProcessMemory или WriteProcessMemory был выполнен только частично. (0x12B)
[1224/135055.933:WARNING:pe_image_reader.cc(340)] could not read dos header from C:\WINDOWS\System32\CRYPT32.dll
[1224/135055.933:ERROR:process_memory_win.cc(73)] ReadMemory at 0x7ff94f440000 of 64 bytes failed: Запрос ReadProcessMemory или WriteProcessMemory был выполнен только частично. (0x12B)
[1224/135055.933:WARNING:pe_image_reader.cc(340)] could not read dos header from C:\WINDOWS\SYSTEM32\dbghelp.dll
[1224/135055.933:ERROR:process_memory_win.cc(73)] ReadMemory at 0x7ff94e760000 of 64 bytes failed: Запрос ReadProcessMemory или WriteProcessMemory был выполнен только частично. (0x12B)
[1224/135055.933:WARNING:pe_image_reader.cc(340)] could not read dos header from C:\WINDOWS\SYSTEM32\IPHLPAPI.DLL
[1224/135055.933:ERROR:process_memory_win.cc(73)] ReadMemory at 0x7ff943180000 of 64 bytes failed: Запрос ReadProcessMemory или WriteProcessMemory был выполнен только частично. (0x12B)
[1224/135055.933:WARNING:pe_image_reader.cc(340)] could not read dos header from C:\WINDOWS\SYSTEM32\WINMM.dll
[1224/135055.933:ERROR:process_memory_win.cc(73)] ReadMemory at 0x7ff92a530000 of 64 bytes failed: Запрос ReadProcessMemory или WriteProcessMemory был выполнен только частично. (0x12B)
[1224/135055.933:WARNING:pe_image_reader.cc(340)] could not read dos header from C:\WINDOWS\SYSTEM32\UIAutomationCore.DLL
[1224/135055.933:ERROR:process_memory_win.cc(73)] ReadMemory at 0x7ff93b380000 of 64 bytes failed: Запрос ReadProcessMemory или WriteProcessMemory был выполнен только частично. (0x12B)
[1224/135055.933:WARNING:pe_image_reader.cc(340)] could not read dos header from C:\WINDOWS\SYSTEM32\Secur32.dll
[1224/135055.933:ERROR:process_memory_win.cc(73)] ReadMemory at 0x7ff94f860000 of 64 bytes failed: Запрос ReadProcessMemory или WriteProcessMemory был выполнен только частично. (0x12B)
[1224/135055.933:WARNING:pe_image_reader.cc(340)] could not read dos header from C:\WINDOWS\SYSTEM32\USERENV.dll
[1224/135055.933:ERROR:process_memory_win.cc(73)] ReadMemory at 0x7ff936930000 of 64 bytes failed: Запрос ReadProcessMemory или WriteProcessMemory был выполнен только частично. (0x12B)
[1224/135055.933:WARNING:pe_image_reader.cc(340)] could not read dos header from C:\WINDOWS\SYSTEM32\DWrite.dll
[1224/135055.933:ERROR:process_memory_win.cc(73)] ReadMemory at 0x7ff948b40000 of 64 bytes failed: Запрос ReadProcessMemory или WriteProcessMemory был выполнен только частично. (0x12B)
[1224/135055.933:WARNING:pe_image_reader.cc(340)] could not read dos header from C:\WINDOWS\SYSTEM32\WINSPOOL.DRV
[1224/135055.933:ERROR:process_memory_win.cc(73)] ReadMemory at 0x7ff942c10000 of 64 bytes failed: Запрос ReadProcessMemory или WriteProcessMemory был выполнен только частично. (0x12B)
[1224/135055.933:WARNING:pe_image_reader.cc(340)] could not read dos header from C:\WINDOWS\SYSTEM32\WINHTTP.dll
[1224/135055.933:ERROR:process_memory_win.cc(73)] ReadMemory at 0x7ff944490000 of 64 bytes failed: Запрос ReadProcessMemory или WriteProcessMemory был выполнен только частично. (0x12B)
[1224/135055.933:WARNING:pe_image_reader.cc(340)] could not read dos header from C:\WINDOWS\SYSTEM32\dhcpcsvc.DLL
[1224/135055.933:ERROR:process_memory_win.cc(73)] ReadMemory at 0x7ff94a740000 of 64 bytes failed: Запрос ReadProcessMemory или WriteProcessMemory был выполнен только частично. (0x12B)
[1224/135055.933:WARNING:pe_image_reader.cc(340)] could not read dos header from C:\WINDOWS\SYSTEM32\PROPSYS.dll
[1224/135055.933:ERROR:process_memory_win.cc(73)] ReadMemory at 0x7ff94f890000 of 64 bytes failed: Запрос ReadProcessMemory или WriteProcessMemory был выполнен только частично. (0x12B)
[1224/135055.933:WARNING:pe_image_reader.cc(340)] could not read dos header from C:\WINDOWS\SYSTEM32\SSPICLI.DLL
[1224/135055.933:ERROR:process_memory_win.cc(73)] ReadMemory at 0x7ff94f280000 of 64 bytes failed: Запрос ReadProcessMemory или WriteProcessMemory был выполнен только частично. (0x12B)
[1224/135055.933:WARNING:pe_image_reader.cc(340)] could not read dos header from C:\WINDOWS\System32\MSASN1.dll
[1224/135055.933:ERROR:process_memory_win.cc(73)] ReadMemory at 0x7ff94fd40000 of 64 bytes failed: Запрос ReadProcessMemory или WriteProcessMemory был выполнен только частично. (0x12B)
[1224/135055.933:WARNING:pe_image_reader.cc(340)] could not read dos header from C:\WINDOWS\System32\bcryptPrimitives.dll
[1224/135055.933:ERROR:process_memory_win.cc(73)] ReadMemory at 0x7ff94eee0000 of 64 bytes failed: Запрос ReadProcessMemory или WriteProcessMemory был выполнен только частично. (0x12B)
[1224/135055.933:WARNING:pe_image_reader.cc(340)] could not read dos header from C:\WINDOWS\SYSTEM32\CRYPTBASE.DLL
[1224/135055.957:ERROR:process_memory_win.cc(73)] ReadMemory at 0x507b9fa000 of 24576 bytes failed: Запрос ReadProcessMemory или WriteProcessMemory был выполнен только частично. (0x12B)
[1224/135055.962:ERROR:process_memory_win.cc(73)] ReadMemory at 0x507c1fe000 of 8192 bytes failed: Запрос ReadProcessMemory или WriteProcessMemory был выполнен только частично. (0x12B)
[1224/135055.962:ERROR:process_memory_win.cc(73)] ReadMemory at 0x507c9fe000 of 8192 bytes failed: Запрос ReadProcessMemory или WriteProcessMemory был выполнен только частично. (0x12B)
[1224/135055.962:ERROR:process_memory_win.cc(73)] ReadMemory at 0x507b000000 of 6024 bytes failed: Запрос ReadProcessMemory или WriteProcessMemory был выполнен только частично. (0x12B)
[1224/135055.962:ERROR:process_memory_win.cc(73)] ReadMemory at 0x507b002000 of 6024 bytes failed: Запрос ReadProcessMemory или WriteProcessMemory был выполнен только частично. (0x12B)
[1224/135055.962:ERROR:process_memory_win.cc(73)] ReadMemory at 0x507b1fd000 of 852 bytes failed: Запрос ReadProcessMemory или WriteProcessMemory был выполнен только частично. (0x12B)
[1224/135055.962:ERROR:process_memory_win.cc(73)] ReadMemory at 0x507b1fe000 of 6024 bytes failed: Запрос ReadProcessMemory или WriteProcessMemory был выполнен только частично. (0x12B)
[1224/135055.962:ERROR:process_memory_win.cc(73)] ReadMemory at 0x1d185600fe0 of 5416 bytes failed: Запрос ReadProcessMemory или WriteProcessMemory был выполнен только частично. (0x12B)
[1224/135055.962:ERROR:process_memory_win.cc(73)] ReadMemory at 0x1d185602510 of 1012 bytes failed: Запрос ReadProcessMemory или WriteProcessMemory был выполнен только частично. (0x12B)
[1224/135055.962:ERROR:process_memory_win.cc(73)] ReadMemory at 0x1d185602b58 of 118 bytes failed: Запрос ReadProcessMemory или WriteProcessMemory был выполнен только частично. (0x12B)
[1224/135055.962:ERROR:process_memory_win.cc(73)] ReadMemory at 0x1d185602bd0 of 682 bytes failed: Запрос ReadProcessMemory или WriteProcessMemory был выполнен только частично. (0x12B)
[1224/135055.962:ERROR:process_memory_win.cc(73)] ReadMemory at 0x1d185602e7c of 118 bytes failed: Запрос ReadProcessMemory или WriteProcessMemory был выполнен только частично. (0x12B)
[1224/135055.962:ERROR:process_memory_win.cc(73)] ReadMemory at 0x1d185602ef4 of 100 bytes failed: Запрос ReadProcessMemory или WriteProcessMemory был выполнен только частично. (0x12B)
[1224/135055.967:ERROR:process_memory_win.cc(73)] ReadMemory at 0x1d185602f70 of 58 bytes failed: Запрос ReadProcessMemory или WriteProcessMemory был выполнен только частично. (0x12B)
[1224/135055.967:ERROR:process_memory_win.cc(73)] ReadMemory at 0x1d185603070 of 132 bytes failed: Запрос ReadProcessMemory или WriteProcessMemory был выполнен только частично. (0x12B)
[1224/135055.967:ERROR:process_memory_win.cc(73)] ReadMemory at 0x1d185603200 of 132 bytes failed: Запрос ReadProcessMemory или WriteProcessMemory был выполнен только частично. (0x12B)
[1224/135055.967:ERROR:process_memory_win.cc(73)] ReadMemory at 0x1d1856033c0 of 124 bytes failed: Запрос ReadProcessMemory или WriteProcessMemory был выполнен только частично. (0x12B)
[1224/135055.967:ERROR:process_memory_win.cc(73)] ReadMemory at 0x1d1856038c0 of 132 bytes failed: Запрос ReadProcessMemory или WriteProcessMemory был выполнен только частично. (0x12B)
[1224/135055.967:ERROR:process_memory_win.cc(73)] ReadMemory at 0x1d185603a50 of 64 bytes failed: Запрос ReadProcessMemory или WriteProcessMemory был выполнен только частично. (0x12B)
[1224/135055.967:ERROR:process_memory_win.cc(73)] ReadMemory at 0x1d185603c10 of 132 bytes failed: Запрос ReadProcessMemory или WriteProcessMemory был выполнен только частично. (0x12B)
[1224/135055.967:ERROR:process_memory_win.cc(73)] ReadMemory at 0x1d185603ed0 of 132 bytes failed: Запрос ReadProcessMemory или WriteProcessMemory был выполнен только частично. (0x12B)
[1224/135055.967:ERROR:process_memory_win.cc(73)] ReadMemory at 0x1d185604060 of 68 bytes failed: Запрос ReadProcessMemory или WriteProcessMemory был выполнен только частично. (0x12B)
[1224/135055.967:ERROR:process_memory_win.cc(73)] ReadMemory at 0x1d185605100 of 132 bytes failed: Запрос ReadProcessMemory или WriteProcessMemory был выполнен только частично. (0x12B)
[1224/135055.967:ERROR:process_memory_win.cc(73)] ReadMemory at 0x1d185605230 of 152 bytes failed: Запрос ReadProcessMemory или WriteProcessMemory был выполнен только частично. (0x12B)
[1224/135055.967:ERROR:process_memory_win.cc(73)] ReadMemory at 0x1d1856061a0 of 132 bytes failed: Запрос ReadProcessMemory или WriteProcessMemory был выполнен только частично. (0x12B)
[1224/135055.967:ERROR:process_memory_win.cc(73)] ReadMemory at 0x1d185606330 of 60 bytes failed: Запрос ReadProcessMemory или WriteProcessMemory был выполнен только частично. (0x12B)
[1224/135055.967:ERROR:process_memory_win.cc(73)] ReadMemory at 0x1d185606f80 of 62 bytes failed: Запрос ReadProcessMemory или WriteProcessMemory был выполнен только частично. (0x12B)
[1224/135055.967:ERROR:process_memory_win.cc(73)] ReadMemory at 0x1d18560db50 of 60 bytes failed: Запрос ReadProcessMemory или WriteProcessMemory был выполнен только частично. (0x12B)
[1224/135055.967:ERROR:process_memory_win.cc(73)] ReadMemory at 0x1d18560f681 of 512 bytes failed: Запрос ReadProcessMemory или WriteProcessMemory был выполнен только частично. (0x12B)
[1224/135055.967:ERROR:process_memory_win.cc(73)] ReadMemory at 0x1d1856134e0 of 144 bytes failed: Запрос ReadProcessMemory или WriteProcessMemory был выполнен только частично. (0x12B)
[1224/135055.967:ERROR:process_memory_win.cc(73)] ReadMemory at 0x1d185613650 of 132 bytes failed: Запрос ReadProcessMemory или WriteProcessMemory был выполнен только частично. (0x12B)
[1224/135055.967:ERROR:process_memory_win.cc(73)] ReadMemory at 0x1d185613880 of 132 bytes failed: Запрос ReadProcessMemory или WriteProcessMemory был выполнен только частично. (0x12B)
[1224/135055.967:ERROR:process_memory_win.cc(73)] ReadMemory at 0x1d185613db0 of 132 bytes failed: Запрос ReadProcessMemory или WriteProcessMemory был выполнен только частично. (0x12B)
[1224/135055.967:ERROR:process_memory_win.cc(73)] ReadMemory at 0x1d185613ee0 of 132 bytes failed: Запрос ReadProcessMemory или WriteProcessMemory был выполнен только частично. (0x12B)
[1224/135055.967:ERROR:process_memory_win.cc(73)] ReadMemory at 0x1d1856146b0 of 80 bytes failed: Запрос ReadProcessMemory или WriteProcessMemory был выполнен только частично. (0x12B)
[1224/135055.967:ERROR:process_memory_win.cc(73)] ReadMemory at 0x1d185614e90 of 132 bytes failed: Запрос ReadProcessMemory или WriteProcessMemory был выполнен только частично. (0x12B)
[1224/135055.967:ERROR:process_memory_win.cc(73)] ReadMemory at 0x1d185614fc0 of 132 bytes failed: Запрос ReadProcessMemory или WriteProcessMemory был выполнен только частично. (0x12B)
[1224/135055.967:ERROR:process_memory_win.cc(73)] ReadMemory at 0x1d1856150f0 of 132 bytes failed: Запрос ReadProcessMemory или WriteProcessMemory был выполнен только частично. (0x12B)
[1224/135055.967:ERROR:process_memory_win.cc(73)] ReadMemory at 0x1d185615220 of 132 bytes failed: Запрос ReadProcessMemory или WriteProcessMemory был выполнен только частично. (0x12B)
[1224/135055.973:ERROR:process_memory_win.cc(73)] ReadMemory at 0x1d185615350 of 132 bytes failed: Запрос ReadProcessMemory или WriteProcessMemory был выполнен только частично. (0x12B)
[1224/135055.973:ERROR:process_memory_win.cc(73)] ReadMemory at 0x1d185615480 of 132 bytes failed: Запрос ReadProcessMemory или WriteProcessMemory был выполнен только частично. (0x12B)
[1224/135055.973:ERROR:process_memory_win.cc(73)] ReadMemory at 0x1d1856155b0 of 132 bytes failed: Запрос ReadProcessMemory или WriteProcessMemory был выполнен только частично. (0x12B)
[1224/135055.973:ERROR:process_memory_win.cc(73)] ReadMemory at 0x1d1856156e0 of 132 bytes failed: Запрос ReadProcessMemory или WriteProcessMemory был выполнен только частично. (0x12B)
[1224/135055.973:ERROR:process_memory_win.cc(73)] ReadMemory at 0x1d185615810 of 132 bytes failed: Запрос ReadProcessMemory или WriteProcessMemory был выполнен только частично. (0x12B)
[1224/135055.973:ERROR:process_memory_win.cc(73)] ReadMemory at 0x1d185615940 of 132 bytes failed: Запрос ReadProcessMemory или WriteProcessMemory был выполнен только частично. (0x12B)
[1224/135055.973:ERROR:process_memory_win.cc(73)] ReadMemory at 0x1d185615a70 of 132 bytes failed: Запрос ReadProcessMemory или WriteProcessMemory был выполнен только частично. (0x12B)
[1224/135055.973:ERROR:process_memory_win.cc(73)] ReadMemory at 0x1d185615ba0 of 132 bytes failed: Запрос ReadProcessMemory или WriteProcessMemory был выполнен только частично. (0x12B)
[1224/135055.973:ERROR:process_memory_win.cc(73)] ReadMemory at 0x1d185615cd0 of 132 bytes failed: Запрос ReadProcessMemory или WriteProcessMemory был выполнен только частично. (0x12B)
[1224/135055.973:ERROR:process_memory_win.cc(73)] ReadMemory at 0x1d185618120 of 132 bytes failed: Запрос ReadProcessMemory или WriteProcessMemory был выполнен только частично. (0x12B)
[1224/135055.973:ERROR:process_memory_win.cc(73)] ReadMemory at 0x1d185618970 of 132 bytes failed: Запрос ReadProcessMemory или WriteProcessMemory был выполнен только частично. (0x12B)
[1224/135055.978:ERROR:process_memory_win.cc(73)] ReadMemory at 0x1d185618b90 of 132 bytes failed: Запрос ReadProcessMemory или WriteProcessMemory был выполнен только частично. (0x12B)
[1224/135055.978:ERROR:process_memory_win.cc(73)] ReadMemory at 0x1d185619210 of 132 bytes failed: Запрос ReadProcessMemory или WriteProcessMemory был выполнен только частично. (0x12B)
[1224/135055.978:ERROR:process_memory_win.cc(73)] ReadMemory at 0x1d185619510 of 62 bytes failed: Запрос ReadProcessMemory или WriteProcessMemory был выполнен только частично. (0x12B)
[1224/135055.978:ERROR:process_memory_win.cc(73)] ReadMemory at 0x1d1856195b0 of 62 bytes failed: Запрос ReadProcessMemory или WriteProcessMemory был выполнен только частично. (0x12B)
[1224/135055.978:ERROR:process_memory_win.cc(73)] ReadMemory at 0x1d185619600 of 62 bytes failed: Запрос ReadProcessMemory или WriteProcessMemory был выполнен только частично. (0x12B)
[1224/135055.978:ERROR:process_memory_win.cc(73)] ReadMemory at 0x1d185619650 of 64 bytes failed: Запрос ReadProcessMemory или WriteProcessMemory был выполнен только частично. (0x12B)
[1224/135055.978:ERROR:process_memory_win.cc(73)] ReadMemory at 0x1d1856196f0 of 62 bytes failed: Запрос ReadProcessMemory или WriteProcessMemory был выполнен только частично. (0x12B)
[1224/135055.978:ERROR:process_memory_win.cc(73)] ReadMemory at 0x1d185619790 of 58 bytes failed: Запрос ReadProcessMemory или WriteProcessMemory был выполнен только частично. (0x12B)
[1224/135055.978:ERROR:process_memory_win.cc(73)] ReadMemory at 0x1d185619880 of 62 bytes failed: Запрос ReadProcessMemory или WriteProcessMemory был выполнен только частично. (0x12B)
[1224/135055.978:ERROR:process_memory_win.cc(73)] ReadMemory at 0x1d185619a60 of 64 bytes failed: Запрос ReadProcessMemory или WriteProcessMemory был выполнен только частично. (0x12B)
[1224/135055.978:ERROR:process_memory_win.cc(73)] ReadMemory at 0x1d185619c90 of 66 bytes failed: Запрос ReadProcessMemory или WriteProcessMemory был выполнен только частично. (0x12B)
[1224/135055.978:ERROR:process_memory_win.cc(73)] ReadMemory at 0x1d185619d30 of 60 bytes failed: Запрос ReadProcessMemory или WriteProcessMemory был выполнен только частично. (0x12B)
[1224/135055.978:ERROR:process_memory_win.cc(73)] ReadMemory at 0x1d185619d80 of 64 bytes failed: Запрос ReadProcessMemory или WriteProcessMemory был выполнен только частично. (0x12B)
[1224/135055.978:ERROR:process_memory_win.cc(73)] ReadMemory at 0x1d185619dd0 of 62 bytes failed: Запрос ReadProcessMemory или WriteProcessMemory был выполнен только частично. (0x12B)
[1224/135055.978:ERROR:process_memory_win.cc(73)] ReadMemory at 0x1d185619e20 of 62 bytes failed: Запрос ReadProcessMemory или WriteProcessMemory был выполнен только частично. (0x12B)
[1224/135055.978:ERROR:process_memory_win.cc(73)] ReadMemory at 0x1d185619e70 of 64 bytes failed: Запрос ReadProcessMemory или WriteProcessMemory был выполнен только частично. (0x12B)
[1224/135055.978:ERROR:process_memory_win.cc(73)] ReadMemory at 0x1d185619fb0 of 62 bytes failed: Запрос ReadProcessMemory или WriteProcessMemory был выполнен только частично. (0x12B)
[1224/135055.978:ERROR:process_memory_win.cc(73)] ReadMemory at 0x1d18561a050 of 62 bytes failed: Запрос ReadProcessMemory или WriteProcessMemory был выполнен только частично. (0x12B)
[1224/135055.978:ERROR:process_memory_win.cc(73)] ReadMemory at 0x1d18561a190 of 60 bytes failed: Запрос ReadProcessMemory или WriteProcessMemory был выполнен только частично. (0x12B)
[1224/135055.982:ERROR:process_memory_win.cc(73)] ReadMemory at 0x1d18561a1e0 of 60 bytes failed: Запрос ReadProcessMemory или WriteProcessMemory был выполнен только частично. (0x12B)
[1224/135055.982:ERROR:process_memory_win.cc(73)] ReadMemory at 0x1d18561a320 of 64 bytes failed: Запрос ReadProcessMemory или WriteProcessMemory был выполнен только частично. (0x12B)
[1224/135055.982:ERROR:process_memory_win.cc(73)] ReadMemory at 0x1d18561a3c0 of 64 bytes failed: Запрос ReadProcessMemory или WriteProcessMemory был выполнен только частично. (0x12B)
[1224/135055.982:ERROR:process_memory_win.cc(73)] ReadMemory at 0x1d18561a410 of 64 bytes failed: Запрос ReadProcessMemory или WriteProcessMemory был выполнен только частично. (0x12B)
[1224/135055.982:ERROR:process_memory_win.cc(73)] ReadMemory at 0x1d18561d7a0 of 80 bytes failed: Запрос ReadProcessMemory или WriteProcessMemory был выполнен только частично. (0x12B)
[1224/135055.982:ERROR:process_memory_win.cc(73)] ReadMemory at 0x1d185620280 of 132 bytes failed: Запрос ReadProcessMemory или WriteProcessMemory был выполнен только частично. (0x12B)
[1224/135055.982:ERROR:process_memory_win.cc(73)] ReadMemory at 0x1d185622620 of 132 bytes failed: Запрос ReadProcessMemory или WriteProcessMemory был выполнен только частично. (0x12B)
[1224/135055.982:ERROR:process_memory_win.cc(73)] ReadMemory at 0x1d185622750 of 132 bytes failed: Запрос ReadProcessMemory или WriteProcessMemory был выполнен только частично. (0x12B)
[1224/135055.982:ERROR:process_memory_win.cc(73)] ReadMemory at 0x1d185623a50 of 132 bytes failed: Запрос ReadProcessMemory или WriteProcessMemory был выполнен только частично. (0x12B)
[1224/135055.982:ERROR:process_memory_win.cc(73)] ReadMemory at 0x1d185676890 of 512 bytes failed: Запрос ReadProcessMemory или WriteProcessMemory был выполнен только частично. (0x12B)
[1224/135055.982:ERROR:process_memory_win.cc(73)] ReadMemory at 0x1d1871f1ca0 of 512 bytes failed: Запрос ReadProcessMemory или WriteProcessMemory был выполнен только частично. (0x12B)
[1224/135055.982:ERROR:process_memory_win.cc(73)] ReadMemory at 0x1d187289bf8 of 512 bytes failed: Запрос ReadProcessMemory или WriteProcessMemory был выполнен только частично. (0x12B)
[1224/135055.982:ERROR:process_memory_win.cc(73)] ReadMemory at 0x7ff91713ad38 of 512 bytes failed: Запрос ReadProcessMemory или WriteProcessMemory был выполнен только частично. (0x12B)
[1224/135055.982:ERROR:process_memory_win.cc(73)] ReadMemory at 0x7ff91d0a3438 of 512 bytes failed: Запрос ReadProcessMemory или WriteProcessMemory был выполнен только частично. (0x12B)
[1224/135055.982:ERROR:process_memory_win.cc(73)] ReadMemory at 0x7ff95004e748 of 512 bytes failed: Запрос ReadProcessMemory или WriteProcessMemory был выполнен только частично. (0x12B)
[1224/135055.982:ERROR:process_memory_win.cc(73)] ReadMemory at 0x7ff950f84a50 of 512 bytes failed: Запрос ReadProcessMemory или WriteProcessMemory был выполнен только частично. (0x12B)
[1224/135055.982:ERROR:process_memory_win.cc(73)] ReadMemory at 0x7ff95230bfb4 of 512 bytes failed: Запрос ReadProcessMemory или WriteProcessMemory был выполнен только частично. (0x12B)
[1224/135055.982:ERROR:process_memory_win.cc(73)] ReadMemory at 0x7ff95230c5b4 of 512 bytes failed: Запрос ReadProcessMemory или WriteProcessMemory был выполнен только частично. (0x12B)
[1224/135055.987:ERROR:process_memory_win.cc(73)] ReadMemory at 0x7ff9523a0a00 of 18 bytes failed: Запрос ReadProcessMemory или WriteProcessMemory был выполнен только частично. (0x12B)
[1224/135055.987:ERROR:process_memory_win.cc(73)] ReadMemory at 0x7ff9523d54f8 of 40 bytes failed: Запрос ReadProcessMemory или WriteProcessMemory был выполнен только частично. (0x12B)
[1224/135055.987:ERROR:process_memory_win.cc(73)] ReadMemory at 0x7ff9523d5978 of 48 bytes failed: Запрос ReadProcessMemory или WriteProcessMemory был выполнен только частично. (0x12B)
[1224/135055.987:ERROR:process_memory_win.cc(73)] ReadMemory at 0x7ff9523db4c0 of 64 bytes failed: Запрос ReadProcessMemory или WriteProcessMemory был выполнен только частично. (0x12B)
[1224/135056.022:ERROR:filesystem_win.cc(129)] GetFileAttributes C:\Users\User\AppData\Local\Google\Chrome\User Data\Crashpad\attachments\f594595e-2bbf-4d4e-b42d-de581ea051df: Системе не удается найти указанный путь. (0x3)
[1224/135056.007:ERROR:scoped_process_suspend.cc(40)] NtResumeProcess: Попытка доступа к процессу, выполняющему процедуру завершения. (0xc000010a)
